122 : 2023-03-14 20:14:18,565 : INFO : telemetry.main : Attempt start. Configuration directory [/home/alnardo/.azure].
122 : 2023-03-14 20:14:18,565 : INFO : telemetry.check : Positive: The /home/alnardo/.azure/telemetry.txt does not exist.
122 : 2023-03-14 20:14:18,565 : DEBUG : telemetry.note : acquiring lock
122 : 2023-03-14 20:14:18,565 : DEBUG : telemetry.note : acquired lock
122 : 2023-03-14 20:14:18,565 : INFO : telemetry.note : Update the note mtime to 2023-03-14 20:14:18.565727
122 : 2023-03-14 20:14:18,565 : WARNING : telemetry.note : Fail to parse or read the timestamp 'N/A' in the note file. Set the last send time to minimal. Reason: not readable
122 : 2023-03-14 20:14:18,566 : INFO : telemetry.records : 1 cache files to move.
122 : 2023-03-14 20:14:18,566 : INFO : telemetry.records : Create temp folder /tmp/tmp4ma3djrv
122 : 2023-03-14 20:14:18,567 : INFO : telemetry.records : Move file /home/alnardo/.azure/telemetry/cache to /tmp/tmp4ma3djrv/cache
122 : 2023-03-14 20:14:18,569 : INFO : telemetry.records : Processed file /tmp/tmp4ma3djrv/cache into 1 records.
122 : 2023-03-14 20:14:18,569 : INFO : telemetry.records : Remove directory /tmp/tmp4ma3djrv
122 : 2023-03-14 20:14:18,569 : INFO : telemetry.client : Accumulated 1 events. Flush the clients.
122 : 2023-03-14 20:14:18,570 : INFO : telemetry.client : Flush client c4395b75-49cc-422c-bc95-c7d51aef5d46.
122 : 2023-03-14 20:14:18,949 : INFO : telemetry.sender : Sending 3839 bytes
122 : 2023-03-14 20:14:18,949 : INFO : telemetry.sender : Finish uploading in 0.379567 seconds.
122 : 2023-03-14 20:14:18,950 : INFO : telemetry.note : Update the last send in note to 2023-03-14 20:14:18
122 : 2023-03-14 20:14:18,950 : INFO : telemetry.note : Update the note mtime to 2023-03-14 20:14:18.950342
108 : 2023-03-18 04:57:21,685 : INFO : telemetry.main : Attempt start. Configuration directory [/home/alnardo/.azure].
108 : 2023-03-18 04:57:21,689 : INFO : telemetry.check : Returns Positive.
108 : 2023-03-18 04:57:21,689 : DEBUG : telemetry.note : acquiring lock
108 : 2023-03-18 04:57:21,690 : DEBUG : telemetry.note : acquired lock
108 : 2023-03-18 04:57:21,690 : INFO : telemetry.note : Update the note mtime to 2023-03-18 04:57:21.690392
108 : 2023-03-18 04:57:21,693 : INFO : telemetry.note : Read timestamp from the note. The last send was 2023-03-14 20:14:18.
108 : 2023-03-18 04:57:21,693 : INFO : telemetry.records : 1 cache files to move.
108 : 2023-03-18 04:57:21,694 : INFO : telemetry.records : Create temp folder /tmp/tmp95nwphz1
108 : 2023-03-18 04:57:21,694 : INFO : telemetry.records : Move file /home/alnardo/.azure/telemetry/cache to /tmp/tmp95nwphz1/cache
108 : 2023-03-18 04:57:21,694 : INFO : telemetry.records : Processed file /tmp/tmp95nwphz1/cache into 2 records.
108 : 2023-03-18 04:57:21,695 : INFO : telemetry.records : Remove directory /tmp/tmp95nwphz1
108 : 2023-03-18 04:57:21,695 : INFO : telemetry.client : Accumulated 2 events. Flush the clients.
108 : 2023-03-18 04:57:21,695 : INFO : telemetry.client : Flush client c4395b75-49cc-422c-bc95-c7d51aef5d46.
108 : 2023-03-18 04:57:21,925 : INFO : telemetry.sender : Sending 7654 bytes
108 : 2023-03-18 04:57:21,926 : INFO : telemetry.sender : Finish uploading in 0.229653 seconds.
108 : 2023-03-18 04:57:21,926 : INFO : telemetry.note : Update the last send in note to 2023-03-18 04:57:21
108 : 2023-03-18 04:57:21,926 : INFO : telemetry.note : Update the note mtime to 2023-03-18 04:57:21.926591
109 : 2023-03-20 12:21:54,603 : INFO : telemetry.main : Attempt start. Configuration directory [/home/alnardo/.azure].
109 : 2023-03-20 12:21:54,611 : INFO : telemetry.check : Returns Positive.
109 : 2023-03-20 12:21:54,611 : DEBUG : telemetry.note : acquiring lock
109 : 2023-03-20 12:21:54,611 : DEBUG : telemetry.note : acquired lock
109 : 2023-03-20 12:21:54,611 : INFO : telemetry.note : Update the note mtime to 2023-03-20 12:21:54.611569
109 : 2023-03-20 12:21:54,613 : INFO : telemetry.note : Read timestamp from the note. The last send was 2023-03-18 04:57:21.
109 : 2023-03-20 12:21:54,614 : INFO : telemetry.records : 1 cache files to move.
109 : 2023-03-20 12:21:54,614 : INFO : telemetry.records : Create temp folder /tmp/tmp4wow0p3s
109 : 2023-03-20 12:21:54,615 : INFO : telemetry.records : Move file /home/alnardo/.azure/telemetry/cache to /tmp/tmp4wow0p3s/cache
109 : 2023-03-20 12:21:54,615 : INFO : telemetry.records : Processed file /tmp/tmp4wow0p3s/cache into 2 records.
109 : 2023-03-20 12:21:54,615 : INFO : telemetry.records : Remove directory /tmp/tmp4wow0p3s
109 : 2023-03-20 12:21:54,616 : INFO : telemetry.client : Accumulated 2 events. Flush the clients.
109 : 2023-03-20 12:21:54,616 : INFO : telemetry.client : Flush client c4395b75-49cc-422c-bc95-c7d51aef5d46.
109 : 2023-03-20 12:21:54,836 : INFO : telemetry.sender : Sending 7654 bytes
109 : 2023-03-20 12:21:54,837 : INFO : telemetry.sender : Finish uploading in 0.220449 seconds.
109 : 2023-03-20 12:21:54,837 : INFO : telemetry.note : Update the last send in note to 2023-03-20 12:21:54
109 : 2023-03-20 12:21:54,838 : INFO : telemetry.note : Update the note mtime to 2023-03-20 12:21:54.838082
110 : 2023-03-20 15:03:13,372 : INFO : telemetry.main : Attempt start. Configuration directory [/home/alnardo/.azure].
110 : 2023-03-20 15:03:13,375 : INFO : telemetry.check : Returns Positive.
110 : 2023-03-20 15:03:13,375 : DEBUG : telemetry.note : acquiring lock
110 : 2023-03-20 15:03:13,375 : DEBUG : telemetry.note : acquired lock
110 : 2023-03-20 15:03:13,376 : INFO : telemetry.note : Update the note mtime to 2023-03-20 15:03:13.376110
110 : 2023-03-20 15:03:13,378 : INFO : telemetry.note : Read timestamp from the note. The last send was 2023-03-20 12:21:54.
110 : 2023-03-20 15:03:13,379 : INFO : telemetry.records : No cache to be uploaded.
110 : 2023-03-20 15:03:13,379 : INFO : telemetry.client : Accumulated 0 events. Flush the clients.
110 : 2023-03-20 15:03:13,380 : INFO : telemetry.note : Update the last send in note to 2023-03-20 12:21:54
110 : 2023-03-20 15:03:13,380 : INFO : telemetry.note : Update the note mtime to 2023-03-20 15:03:13.380289
110 : 2023-03-24 02:27:06,081 : INFO : telemetry.main : Attempt start. Configuration directory [/home/alnardo/.azure].
110 : 2023-03-24 02:27:06,086 : INFO : telemetry.check : Returns Positive.
110 : 2023-03-24 02:27:06,086 : DEBUG : telemetry.note : acquiring lock
110 : 2023-03-24 02:27:06,086 : DEBUG : telemetry.note : acquired lock
110 : 2023-03-24 02:27:06,087 : INFO : telemetry.note : Update the note mtime to 2023-03-24 02:27:06.087088
110 : 2023-03-24 02:27:06,089 : INFO : telemetry.note : Read timestamp from the note. The last send was 2023-03-20 12:21:54.
110 : 2023-03-24 02:27:06,090 : INFO : telemetry.records : 1 cache files to move.
110 : 2023-03-24 02:27:06,090 : INFO : telemetry.records : Create temp folder /tmp/tmp3tolamfy
110 : 2023-03-24 02:27:06,097 : INFO : telemetry.records : Move file /home/alnardo/.azure/telemetry/cache to /tmp/tmp3tolamfy/cache
110 : 2023-03-24 02:27:06,097 : INFO : telemetry.records : Processed file /tmp/tmp3tolamfy/cache into 3 records.
110 : 2023-03-24 02:27:06,097 : INFO : telemetry.records : Remove directory /tmp/tmp3tolamfy
110 : 2023-03-24 02:27:06,098 : INFO : telemetry.client : Accumulated 3 events. Flush the clients.
110 : 2023-03-24 02:27:06,098 : INFO : telemetry.client : Flush client c4395b75-49cc-422c-bc95-c7d51aef5d46.
110 : 2023-03-24 02:27:06,333 : INFO : telemetry.sender : Sending 11473 bytes
110 : 2023-03-24 02:27:06,333 : INFO : telemetry.sender : Finish uploading in 0.234309 seconds.
110 : 2023-03-24 02:27:06,334 : INFO : telemetry.note : Update the last send in note to 2023-03-24 02:27:05
110 : 2023-03-24 02:27:06,334 : INFO : telemetry.note : Update the note mtime to 2023-03-24 02:27:06.334385
382 : 2023-03-24 02:39:13,983 : INFO : telemetry.main : Attempt start. Configuration directory [/home/alnardo/.azure].
382 : 2023-03-24 02:39:13,983 : INFO : telemetry.check : Returns Positive.
382 : 2023-03-24 02:39:13,983 : DEBUG : telemetry.note : acquiring lock
382 : 2023-03-24 02:39:13,984 : DEBUG : telemetry.note : acquired lock
382 : 2023-03-24 02:39:13,984 : INFO : telemetry.note : Update the note mtime to 2023-03-24 02:39:13.984133
382 : 2023-03-24 02:39:13,985 : INFO : telemetry.note : Read timestamp from the note. The last send was 2023-03-24 02:27:05.
382 : 2023-03-24 02:39:13,985 : INFO : telemetry.records : No cache to be uploaded.
382 : 2023-03-24 02:39:13,985 : INFO : telemetry.client : Accumulated 0 events. Flush the clients.
382 : 2023-03-24 02:39:13,986 : INFO : telemetry.note : Update the last send in note to 2023-03-24 02:27:05
382 : 2023-03-24 02:39:13,986 : INFO : telemetry.note : Update the note mtime to 2023-03-24 02:39:13.986140
598 : 2023-03-24 02:58:11,823 : INFO : telemetry.main : Attempt start. Configuration directory [/home/alnardo/.azure].
598 : 2023-03-24 02:58:11,823 : INFO : telemetry.check : Returns Positive.
598 : 2023-03-24 02:58:11,823 : DEBUG : telemetry.note : acquiring lock
598 : 2023-03-24 02:58:11,823 : DEBUG : telemetry.note : acquired lock
598 : 2023-03-24 02:58:11,823 : INFO : telemetry.note : Update the note mtime to 2023-03-24 02:58:11.823484
598 : 2023-03-24 02:58:11,824 : INFO : telemetry.note : Read timestamp from the note. The last send was 2023-03-24 02:27:05.
598 : 2023-03-24 02:58:11,825 : INFO : telemetry.records : No cache to be uploaded.
598 : 2023-03-24 02:58:11,825 : INFO : telemetry.client : Accumulated 0 events. Flush the clients.
598 : 2023-03-24 02:58:11,825 : INFO : telemetry.note : Update the last send in note to 2023-03-24 02:27:05
598 : 2023-03-24 02:58:11,825 : INFO : telemetry.note : Update the note mtime to 2023-03-24 02:58:11.825616
727 : 2023-03-24 03:20:55,787 : INFO : telemetry.main : Attempt start. Configuration directory [/home/alnardo/.azure].
727 : 2023-03-24 03:20:55,787 : INFO : telemetry.check : Returns Positive.
727 : 2023-03-24 03:20:55,788 : DEBUG : telemetry.note : acquiring lock
727 : 2023-03-24 03:20:55,788 : DEBUG : telemetry.note : acquired lock
727 : 2023-03-24 03:20:55,788 : INFO : telemetry.note : Update the note mtime to 2023-03-24 03:20:55.788210
727 : 2023-03-24 03:20:55,789 : INFO : telemetry.note : Read timestamp from the note. The last send was 2023-03-24 02:27:05.
727 : 2023-03-24 03:20:55,790 : INFO : telemetry.records : No cache to be uploaded.
727 : 2023-03-24 03:20:55,790 : INFO : telemetry.client : Accumulated 0 events. Flush the clients.
727 : 2023-03-24 03:20:55,790 : INFO : telemetry.note : Update the last send in note to 2023-03-24 02:27:05
727 : 2023-03-24 03:20:55,790 : INFO : telemetry.note : Update the note mtime to 2023-03-24 03:20:55.790283
1006 : 2023-03-24 04:02:10,907 : INFO : telemetry.main : Attempt start. Configuration directory [/home/alnardo/.azure].
1006 : 2023-03-24 04:02:10,907 : INFO : telemetry.check : Returns Positive.
1006 : 2023-03-24 04:02:10,907 : DEBUG : telemetry.note : acquiring lock
1006 : 2023-03-24 04:02:10,907 : DEBUG : telemetry.note : acquired lock
1006 : 2023-03-24 04:02:10,907 : INFO : telemetry.note : Update the note mtime to 2023-03-24 04:02:10.907676
1006 : 2023-03-24 04:02:10,909 : INFO : telemetry.note : Read timestamp from the note. The last send was 2023-03-24 02:27:05.
1006 : 2023-03-24 04:02:10,909 : INFO : telemetry.records : No cache to be uploaded.
1006 : 2023-03-24 04:02:10,909 : INFO : telemetry.client : Accumulated 0 events. Flush the clients.
1006 : 2023-03-24 04:02:10,909 : INFO : telemetry.note : Update the last send in note to 2023-03-24 02:27:05
1006 : 2023-03-24 04:02:10,909 : INFO : telemetry.note : Update the note mtime to 2023-03-24 04:02:10.909702
110 : 2023-03-24 15:37:01,232 : INFO : telemetry.main : Attempt start. Configuration directory [/home/alnardo/.azure].
110 : 2023-03-24 15:37:01,263 : INFO : telemetry.check : Returns Positive.
110 : 2023-03-24 15:37:01,263 : DEBUG : telemetry.note : acquiring lock
110 : 2023-03-24 15:37:01,264 : DEBUG : telemetry.note : acquired lock
110 : 2023-03-24 15:37:01,264 : INFO : telemetry.note : Update the note mtime to 2023-03-24 15:37:01.264302
110 : 2023-03-24 15:37:01,290 : INFO : telemetry.note : Read timestamp from the note. The last send was 2023-03-24 02:27:05.
110 : 2023-03-24 15:37:01,291 : INFO : telemetry.records : No cache to be uploaded.
110 : 2023-03-24 15:37:01,291 : INFO : telemetry.client : Accumulated 0 events. Flush the clients.
110 : 2023-03-24 15:37:01,291 : INFO : telemetry.note : Update the last send in note to 2023-03-24 02:27:05
110 : 2023-03-24 15:37:01,292 : INFO : telemetry.note : Update the note mtime to 2023-03-24 15:37:01.291997
110 : 2023-03-24 17:23:46,613 : INFO : telemetry.main : Attempt start. Configuration directory [/home/alnardo/.azure].
110 : 2023-03-24 17:23:46,631 : INFO : telemetry.check : Returns Positive.
110 : 2023-03-24 17:23:46,632 : DEBUG : telemetry.note : acquiring lock
110 : 2023-03-24 17:23:46,632 : DEBUG : telemetry.note : acquired lock
110 : 2023-03-24 17:23:46,632 : INFO : telemetry.note : Update the note mtime to 2023-03-24 17:23:46.632459
110 : 2023-03-24 17:23:46,656 : INFO : telemetry.note : Read timestamp from the note. The last send was 2023-03-24 02:27:05.
110 : 2023-03-24 17:23:46,657 : INFO : telemetry.records : No cache to be uploaded.
110 : 2023-03-24 17:23:46,657 : INFO : telemetry.client : Accumulated 0 events. Flush the clients.
110 : 2023-03-24 17:23:46,657 : INFO : telemetry.note : Update the last send in note to 2023-03-24 02:27:05
110 : 2023-03-24 17:23:46,657 : INFO : telemetry.note : Update the note mtime to 2023-03-24 17:23:46.657643
787 : 2023-03-24 18:14:37,400 : INFO : telemetry.main : Attempt start. Configuration directory [/home/alnardo/.azure].
787 : 2023-03-24 18:14:37,400 : INFO : telemetry.check : Returns Positive.
787 : 2023-03-24 18:14:37,400 : DEBUG : telemetry.note : acquiring lock
787 : 2023-03-24 18:14:37,400 : DEBUG : telemetry.note : acquired lock
787 : 2023-03-24 18:14:37,400 : INFO : telemetry.note : Update the note mtime to 2023-03-24 18:14:37.400832
787 : 2023-03-24 18:14:37,402 : INFO : telemetry.note : Read timestamp from the note. The last send was 2023-03-24 02:27:05.
787 : 2023-03-24 18:14:37,402 : INFO : telemetry.records : No cache to be uploaded.
787 : 2023-03-24 18:14:37,402 : INFO : telemetry.client : Accumulated 0 events. Flush the clients.
787 : 2023-03-24 18:14:37,403 : INFO : telemetry.note : Update the last send in note to 2023-03-24 02:27:05
787 : 2023-03-24 18:14:37,403 : INFO : telemetry.note : Update the note mtime to 2023-03-24 18:14:37.403078
109 : 2023-03-24 22:01:49,707 : INFO : telemetry.main : Attempt start. Configuration directory [/home/alnardo/.azure].
109 : 2023-03-24 22:01:49,726 : INFO : telemetry.check : Returns Positive.
109 : 2023-03-24 22:01:49,726 : DEBUG : telemetry.note : acquiring lock
109 : 2023-03-24 22:01:49,727 : DEBUG : telemetry.note : acquired lock
109 : 2023-03-24 22:01:49,727 : INFO : telemetry.note : Update the note mtime to 2023-03-24 22:01:49.727123
109 : 2023-03-24 22:01:49,753 : INFO : telemetry.note : Read timestamp from the note. The last send was 2023-03-24 02:27:05.
109 : 2023-03-24 22:01:49,754 : INFO : telemetry.records : No cache to be uploaded.
109 : 2023-03-24 22:01:49,754 : INFO : telemetry.client : Accumulated 0 events. Flush the clients.
109 : 2023-03-24 22:01:49,754 : INFO : telemetry.note : Update the last send in note to 2023-03-24 02:27:05
109 : 2023-03-24 22:01:49,754 : INFO : telemetry.note : Update the note mtime to 2023-03-24 22:01:49.754746
110 : 2023-03-25 01:42:02,498 : INFO : telemetry.main : Attempt start. Configuration directory [/home/alnardo/.azure].
110 : 2023-03-25 01:42:02,515 : INFO : telemetry.check : Returns Positive.
110 : 2023-03-25 01:42:02,515 : DEBUG : telemetry.note : acquiring lock
110 : 2023-03-25 01:42:02,515 : DEBUG : telemetry.note : acquired lock
110 : 2023-03-25 01:42:02,516 : INFO : telemetry.note : Update the note mtime to 2023-03-25 01:42:02.516083
110 : 2023-03-25 01:42:02,547 : INFO : telemetry.note : Read timestamp from the note. The last send was 2023-03-24 02:27:05.
110 : 2023-03-25 01:42:02,547 : INFO : telemetry.records : No cache to be uploaded.
110 : 2023-03-25 01:42:02,548 : INFO : telemetry.client : Accumulated 0 events. Flush the clients.
110 : 2023-03-25 01:42:02,548 : INFO : telemetry.note : Update the last send in note to 2023-03-24 02:27:05
110 : 2023-03-25 01:42:02,548 : INFO : telemetry.note : Update the note mtime to 2023-03-25 01:42:02.548488
108 : 2023-03-27 12:56:34,228 : INFO : telemetry.main : Attempt start. Configuration directory [/home/alnardo/.azure].
108 : 2023-03-27 12:56:34,243 : INFO : telemetry.check : Returns Positive.
108 : 2023-03-27 12:56:34,243 : DEBUG : telemetry.note : acquiring lock
108 : 2023-03-27 12:56:34,243 : DEBUG : telemetry.note : acquired lock
108 : 2023-03-27 12:56:34,243 : INFO : telemetry.note : Update the note mtime to 2023-03-27 12:56:34.243601
108 : 2023-03-27 12:56:34,253 : INFO : telemetry.note : Read timestamp from the note. The last send was 2023-03-24 02:27:05.
108 : 2023-03-27 12:56:34,255 : INFO : telemetry.records : 1 cache files to move.
108 : 2023-03-27 12:56:34,255 : INFO : telemetry.records : Create temp folder /tmp/tmp5gh825lk
108 : 2023-03-27 12:56:34,321 : INFO : telemetry.records : Move file /home/alnardo/.azure/telemetry/cache to /tmp/tmp5gh825lk/cache
108 : 2023-03-27 12:56:34,322 : INFO : telemetry.records : Processed file /tmp/tmp5gh825lk/cache into 25 records.
108 : 2023-03-27 12:56:34,322 : INFO : telemetry.records : Remove directory /tmp/tmp5gh825lk
108 : 2023-03-27 12:56:34,326 : INFO : telemetry.client : Accumulated 25 events. Flush the clients.
108 : 2023-03-27 12:56:34,326 : INFO : telemetry.client : Flush client c4395b75-49cc-422c-bc95-c7d51aef5d46.
108 : 2023-03-27 12:56:34,815 : INFO : telemetry.sender : Sending 97080 bytes
108 : 2023-03-27 12:56:34,816 : INFO : telemetry.sender : Finish uploading in 0.486153 seconds.
108 : 2023-03-27 12:56:34,816 : INFO : telemetry.note : Update the last send in note to 2023-03-27 12:56:34
108 : 2023-03-27 12:56:34,817 : INFO : telemetry.note : Update the note mtime to 2023-03-27 12:56:34.817029
109 : 2023-03-28 13:25:48,422 : INFO : telemetry.main : Attempt start. Configuration directory [/home/alnardo/.azure].
109 : 2023-03-28 13:25:48,426 : INFO : telemetry.check : Returns Positive.
109 : 2023-03-28 13:25:48,426 : DEBUG : telemetry.note : acquiring lock
109 : 2023-03-28 13:25:48,427 : DEBUG : telemetry.note : acquired lock
109 : 2023-03-28 13:25:48,427 : INFO : telemetry.note : Update the note mtime to 2023-03-28 13:25:48.427228
109 : 2023-03-28 13:25:48,433 : INFO : telemetry.note : Read timestamp from the note. The last send was 2023-03-27 12:56:34.
109 : 2023-03-28 13:25:48,434 : INFO : telemetry.records : 1 cache files to move.
109 : 2023-03-28 13:25:48,434 : INFO : telemetry.records : Create temp folder /tmp/tmp9mempfdo
109 : 2023-03-28 13:25:48,434 : INFO : telemetry.records : Move file /home/alnardo/.azure/telemetry/cache to /tmp/tmp9mempfdo/cache
109 : 2023-03-28 13:25:48,435 : INFO : telemetry.records : Processed file /tmp/tmp9mempfdo/cache into 1 records.
109 : 2023-03-28 13:25:48,435 : INFO : telemetry.records : Remove directory /tmp/tmp9mempfdo
109 : 2023-03-28 13:25:48,436 : INFO : telemetry.client : Accumulated 1 events. Flush the clients.
109 : 2023-03-28 13:25:48,436 : INFO : telemetry.client : Flush client c4395b75-49cc-422c-bc95-c7d51aef5d46.
109 : 2023-03-28 13:25:48,667 : INFO : telemetry.sender : Sending 3819 bytes
109 : 2023-03-28 13:25:48,668 : INFO : telemetry.sender : Finish uploading in 0.231968 seconds.
109 : 2023-03-28 13:25:48,669 : INFO : telemetry.note : Update the last send in note to 2023-03-28 13:25:48
109 : 2023-03-28 13:25:48,670 : INFO : telemetry.note : Update the note mtime to 2023-03-28 13:25:48.670112
108 : 2023-03-28 17:33:52,177 : INFO : telemetry.main : Attempt start. Configuration directory [/home/alnardo/.azure].
108 : 2023-03-28 17:33:52,181 : INFO : telemetry.check : Returns Positive.
108 : 2023-03-28 17:33:52,181 : DEBUG : telemetry.note : acquiring lock
108 : 2023-03-28 17:33:52,182 : DEBUG : telemetry.note : acquired lock
108 : 2023-03-28 17:33:52,182 : INFO : telemetry.note : Update the note mtime to 2023-03-28 17:33:52.182234
108 : 2023-03-28 17:33:52,209 : INFO : telemetry.note : Read timestamp from the note. The last send was 2023-03-28 13:25:48.
108 : 2023-03-28 17:33:52,210 : INFO : telemetry.records : No cache to be uploaded.
108 : 2023-03-28 17:33:52,210 : INFO : telemetry.client : Accumulated 0 events. Flush the clients.
108 : 2023-03-28 17:33:52,211 : INFO : telemetry.note : Update the last send in note to 2023-03-28 13:25:48
108 : 2023-03-28 17:33:52,211 : INFO : telemetry.note : Update the note mtime to 2023-03-28 17:33:52.211206
109 : 2023-03-28 20:18:02,473 : INFO : telemetry.main : Attempt start. Configuration directory [/home/alnardo/.azure].
109 : 2023-03-28 20:18:02,492 : INFO : telemetry.check : Returns Positive.
109 : 2023-03-28 20:18:02,492 : DEBUG : telemetry.note : acquiring lock
109 : 2023-03-28 20:18:02,492 : DEBUG : telemetry.note : acquired lock
109 : 2023-03-28 20:18:02,492 : INFO : telemetry.note : Update the note mtime to 2023-03-28 20:18:02.492608
109 : 2023-03-28 20:18:02,506 : INFO : telemetry.note : Read timestamp from the note. The last send was 2023-03-28 13:25:48.
109 : 2023-03-28 20:18:02,507 : INFO : telemetry.records : No cache to be uploaded.
109 : 2023-03-28 20:18:02,507 : INFO : telemetry.client : Accumulated 0 events. Flush the clients.
109 : 2023-03-28 20:18:02,507 : INFO : telemetry.note : Update the last send in note to 2023-03-28 13:25:48
109 : 2023-03-28 20:18:02,507 : INFO : telemetry.note : Update the note mtime to 2023-03-28 20:18:02.507724
110 : 2023-03-31 13:54:53,602 : INFO : telemetry.main : Attempt start. Configuration directory [/home/alnardo/.azure].
110 : 2023-03-31 13:54:53,609 : INFO : telemetry.check : Returns Positive.
110 : 2023-03-31 13:54:53,610 : DEBUG : telemetry.note : acquiring lock
110 : 2023-03-31 13:54:53,610 : DEBUG : telemetry.note : acquired lock
110 : 2023-03-31 13:54:53,610 : INFO : telemetry.note : Update the note mtime to 2023-03-31 13:54:53.610393
110 : 2023-03-31 13:54:53,615 : INFO : telemetry.note : Read timestamp from the note. The last send was 2023-03-28 13:25:48.
110 : 2023-03-31 13:54:53,617 : INFO : telemetry.records : 1 cache files to move.
110 : 2023-03-31 13:54:53,617 : INFO : telemetry.records : Create temp folder /tmp/tmp0rqhzrwl
110 : 2023-03-31 13:54:53,636 : INFO : telemetry.records : Move file /home/alnardo/.azure/telemetry/cache to /tmp/tmp0rqhzrwl/cache
110 : 2023-03-31 13:54:53,636 : INFO : telemetry.records : Processed file /tmp/tmp0rqhzrwl/cache into 5 records.
110 : 2023-03-31 13:54:53,637 : INFO : telemetry.records : Remove directory /tmp/tmp0rqhzrwl
110 : 2023-03-31 13:54:53,638 : INFO : telemetry.client : Accumulated 5 events. Flush the clients.
110 : 2023-03-31 13:54:53,638 : INFO : telemetry.client : Flush client c4395b75-49cc-422c-bc95-c7d51aef5d46.
110 : 2023-03-31 13:54:53,891 : INFO : telemetry.sender : Sending 19121 bytes
110 : 2023-03-31 13:54:53,892 : INFO : telemetry.sender : Finish uploading in 0.252946 seconds.
110 : 2023-03-31 13:54:53,892 : INFO : telemetry.note : Update the last send in note to 2023-03-31 13:54:53
110 : 2023-03-31 13:54:53,892 : INFO : telemetry.note : Update the note mtime to 2023-03-31 13:54:53.892938
494 : 2023-03-31 14:24:42,287 : INFO : telemetry.main : Attempt start. Configuration directory [/home/alnardo/.azure].
494 : 2023-03-31 14:24:42,288 : INFO : telemetry.check : Returns Positive.
494 : 2023-03-31 14:24:42,288 : DEBUG : telemetry.note : acquiring lock
494 : 2023-03-31 14:24:42,288 : DEBUG : telemetry.note : acquired lock
494 : 2023-03-31 14:24:42,288 : INFO : telemetry.note : Update the note mtime to 2023-03-31 14:24:42.288398
494 : 2023-03-31 14:24:42,289 : INFO : telemetry.note : Read timestamp from the note. The last send was 2023-03-31 13:54:53.
494 : 2023-03-31 14:24:42,290 : INFO : telemetry.records : No cache to be uploaded.
494 : 2023-03-31 14:24:42,290 : INFO : telemetry.client : Accumulated 0 events. Flush the clients.
494 : 2023-03-31 14:24:42,290 : INFO : telemetry.note : Update the last send in note to 2023-03-31 13:54:53
494 : 2023-03-31 14:24:42,290 : INFO : telemetry.note : Update the note mtime to 2023-03-31 14:24:42.290651
536 : 2023-03-31 14:34:43,515 : INFO : telemetry.main : Attempt start. Configuration directory [/home/alnardo/.azure].
536 : 2023-03-31 14:34:43,516 : INFO : telemetry.check : Returns Positive.
536 : 2023-03-31 14:34:43,516 : DEBUG : telemetry.note : acquiring lock
536 : 2023-03-31 14:34:43,516 : DEBUG : telemetry.note : acquired lock
536 : 2023-03-31 14:34:43,516 : INFO : telemetry.note : Update the note mtime to 2023-03-31 14:34:43.516278
536 : 2023-03-31 14:34:43,517 : INFO : telemetry.note : Read timestamp from the note. The last send was 2023-03-31 13:54:53.
536 : 2023-03-31 14:34:43,518 : INFO : telemetry.records : No cache to be uploaded.
536 : 2023-03-31 14:34:43,518 : INFO : telemetry.client : Accumulated 0 events. Flush the clients.
536 : 2023-03-31 14:34:43,518 : INFO : telemetry.note : Update the last send in note to 2023-03-31 13:54:53
536 : 2023-03-31 14:34:43,518 : INFO : telemetry.note : Update the note mtime to 2023-03-31 14:34:43.518611
111 : 2023-03-31 18:14:01,609 : INFO : telemetry.main : Attempt start. Configuration directory [/home/alnardo/.azure].
111 : 2023-03-31 18:14:01,636 : INFO : telemetry.check : Returns Positive.
111 : 2023-03-31 18:14:01,636 : DEBUG : telemetry.note : acquiring lock
111 : 2023-03-31 18:14:01,636 : DEBUG : telemetry.note : acquired lock
111 : 2023-03-31 18:14:01,637 : INFO : telemetry.note : Update the note mtime to 2023-03-31 18:14:01.637079
111 : 2023-03-31 18:14:01,642 : INFO : telemetry.note : Read timestamp from the note. The last send was 2023-03-31 13:54:53.
111 : 2023-03-31 18:14:01,643 : INFO : telemetry.records : No cache to be uploaded.
111 : 2023-03-31 18:14:01,643 : INFO : telemetry.client : Accumulated 0 events. Flush the clients.
111 : 2023-03-31 18:14:01,643 : INFO : telemetry.note : Update the last send in note to 2023-03-31 13:54:53
111 : 2023-03-31 18:14:01,644 : INFO : telemetry.note : Update the note mtime to 2023-03-31 18:14:01.644054
377 : 2023-03-31 18:44:56,488 : INFO : telemetry.main : Attempt start. Configuration directory [/home/alnardo/.azure].
377 : 2023-03-31 18:44:56,488 : INFO : telemetry.check : Returns Positive.
377 : 2023-03-31 18:44:56,488 : DEBUG : telemetry.note : acquiring lock
377 : 2023-03-31 18:44:56,488 : DEBUG : telemetry.note : acquired lock
377 : 2023-03-31 18:44:56,488 : INFO : telemetry.note : Update the note mtime to 2023-03-31 18:44:56.488955
377 : 2023-03-31 18:44:56,490 : INFO : telemetry.note : Read timestamp from the note. The last send was 2023-03-31 13:54:53.
377 : 2023-03-31 18:44:56,490 : INFO : telemetry.records : No cache to be uploaded.
377 : 2023-03-31 18:44:56,490 : INFO : telemetry.client : Accumulated 0 events. Flush the clients.
377 : 2023-03-31 18:44:56,490 : INFO : telemetry.note : Update the last send in note to 2023-03-31 13:54:53
377 : 2023-03-31 18:44:56,491 : INFO : telemetry.note : Update the note mtime to 2023-03-31 18:44:56.491036
458 : 2023-03-31 18:56:49,486 : INFO : telemetry.main : Attempt start. Configuration directory [/home/alnardo/.azure].
458 : 2023-03-31 18:56:49,487 : INFO : telemetry.check : Returns Positive.
458 : 2023-03-31 18:56:49,487 : DEBUG : telemetry.note : acquiring lock
458 : 2023-03-31 18:56:49,487 : DEBUG : telemetry.note : acquired lock
458 : 2023-03-31 18:56:49,487 : INFO : telemetry.note : Update the note mtime to 2023-03-31 18:56:49.487306
458 : 2023-03-31 18:56:49,488 : INFO : telemetry.note : Read timestamp from the note. The last send was 2023-03-31 13:54:53.
458 : 2023-03-31 18:56:49,488 : INFO : telemetry.records : No cache to be uploaded.
458 : 2023-03-31 18:56:49,489 : INFO : telemetry.client : Accumulated 0 events. Flush the clients.
458 : 2023-03-31 18:56:49,489 : INFO : telemetry.note : Update the last send in note to 2023-03-31 13:54:53
458 : 2023-03-31 18:56:49,489 : INFO : telemetry.note : Update the note mtime to 2023-03-31 18:56:49.489238
597 : 2023-03-31 19:24:50,013 : INFO : telemetry.main : Attempt start. Configuration directory [/home/alnardo/.azure].
597 : 2023-03-31 19:24:50,013 : INFO : telemetry.check : Returns Positive.
597 : 2023-03-31 19:24:50,013 : DEBUG : telemetry.note : acquiring lock
597 : 2023-03-31 19:24:50,014 : DEBUG : telemetry.note : acquired lock
597 : 2023-03-31 19:24:50,014 : INFO : telemetry.note : Update the note mtime to 2023-03-31 19:24:50.014124
597 : 2023-03-31 19:24:50,015 : INFO : telemetry.note : Read timestamp from the note. The last send was 2023-03-31 13:54:53.
597 : 2023-03-31 19:24:50,016 : INFO : telemetry.records : No cache to be uploaded.
597 : 2023-03-31 19:24:50,016 : INFO : telemetry.client : Accumulated 0 events. Flush the clients.
597 : 2023-03-31 19:24:50,016 : INFO : telemetry.note : Update the last send in note to 2023-03-31 13:54:53
597 : 2023-03-31 19:24:50,016 : INFO : telemetry.note : Update the note mtime to 2023-03-31 19:24:50.016321
